i 8: [[-0.72673684 0.2599464  0.6154369 -0.49045387 0.14212675 -0.60074615 -0.15688433 0.44519302] [-0.6914322  -0.01540084 0.7033984  -0.44758633 0.26289427 -0.72279555 -0.09997868 0.52497405]]
i 9: [[-0.7272241  0.26385298 0.6143569 -0.49117234 0.14027013 -0.5991999  -0.15795366 0.44389188] [-0.6908966  -0.01975564 0.7046052  -0.44678843 0.26496997 -0.7245151  -0.09878728 0.5264238 ]]
i 10:[[-0.72759145 0.26664612 0.6135474 -0.49155846 0.13908099 -0.59811896 -0.15847817 0.44305712] [-0.69045967 -0.0230712  0.7055696  -0.44632256 0.26638606 -0.7258177  -0.09816445 0.5274166 ]]
i 11:[[-0.7277498  0.26814353 0.6130718 -0.49187198 0.13837963 -0.59750843 -0.15885131 0.44278198] [-0.69019544 -0.02536814 0.70629436 -0.44587347 0.26743868 -0.72677624 -0.09761214 0.52790254]]
i 12:[[-0.7279323  0.2694122  0.6128261 -0.49198303 0.13778177 -0.59697515 -0.15899117 0.44235408] [-0.6899892  -0.02681048 0.70658386 -0.44574472 0.2681166  -0.7273781  -0.09745497 0.52838755]]
i 13:[[-0.72798437 0.27016154 0.6126209 -0.49218076 0.13763866 -0.596661   -0.15910138 0.44194844] [-0.6899134  -0.02784922 0.70687264 -0.4454923  0.2683663  -0.727820   -0.09728695 0.52890384]]
i 14:[[-0.72806096 0.27054322 0.6124465 -0.49232325 0.13729921 -0.59650177 -0.15931426 0.44200605] [-0.6898082  -0.02844314 0.707123   -0.44531024 0.26882505 -0.72807616 -0.09701263 0.5288836 ]]
i 15:[[-0.72809714 0.27115595 0.6122415 -0.4923563  0.13695998 -0.5962602  -0.15952417 0.44191605] [-0.6898267  -0.02870533 0.7072181  -0.44533706 0.26901406 -0.7281535  -0.09686732 0.5288603 ]]
i 16:[[-0.72814435 0.27147081 0.6122603 -0.4923625  0.13701694 -0.5962002  -0.15935124 0.44175133] [-0.6897446  -0.02923833 0.707252   -0.4453021  0.26903152 -0.7283002  -0.09702066 0.52909976]]
i 17:[[-0.72816557 0.27138937 0.6122751 -0.4924168  0.13690113 -0.5962189  -0.15959343 0.44192445] [-0.6896702  -0.02951818 0.70734835 -0.44518533 0.26931927 -0.7284457  -0.096676   0.52900726]]
i 18:[[-0.72822165 0.27162066 0.612121  -0.4924849  0.13681303 -0.5960767  -0.15958817 0.44171488] [-0.6896287  -0.02958161 0.7074598  -0.4451385  0.26933885 -0.728513   -0.09671933 0.52919096]]
i fi:[[-0.72822165 0.27162066 0.612121  -0.4924849  0.13681303 -0.5960767  -0.15958817 0.44171488] [-0.6896287  -0.02958161 0.7074598  -0.4451385  0.26933885 -0.728513   -0.09671933 0.52919096]]
i cl:[[-0.67831343-0.11895767 0.73373854-0.43259588 0.3124404  -0.7645887  -0.07462402 0.54984945] [-0.74457365  0.40113443 0.57332623 -0.5112117  0.07570838 -0.5426211 -0.1903644   0.4098737 ]]
04.01[[-0.67834795-0.11867437 0.7336874 -0.43266138 0.3123306  -0.76450676 -0.07468268 0.54978734] [-0.7446093   0.40139353  0.57320833 -0.51122886  0.075572   -0.5424651 -0.19042805  0.40978798]]
09.01[[-0.6781959 -0.1201853  0.7338929 -0.43239725 0.31275463 -0.7649635  -0.07464533 0.55034673] [-0.7444074   0.40015572  0.5738711  -0.5110797   0.07642744 -0.54320085 -0.18982963  0.40995508]]
12.01[[-0.6781959 -0.1201853  0.7338929 -0.43239725 0.31275463 -0.7649635  -0.07464533 0.55034673] [-0.7444074   0.40015572  0.5738711  -0.5110797   0.07642744 -0.54320085 -0.18982963  0.40995508]]
13.01[[-0.6783114 -0.11909145 0.7337236 -0.43260762 0.3124049  -0.7646523  -0.07473718 0.54998416] [-0.74455214  0.4010797   0.5734011  -0.51117     0.07583702 -0.5426358 -0.19019802  0.40977842]]
19.01[[-0.6782032 -0.12010401 0.733882  -0.43241096 0.31273425 -0.7649388  -0.07464214 0.55031705] [-0.74442035  0.40022057  0.5738331  -0.5110894   0.07637428 -0.5431611 -0.189868    0.40994614]]
14.12[[-0.6781959 -0.1201853  0.7338929 -0.43239725 0.31275463 -0.7649635  -0.07464533 0.55034673] [-0.7444074   0.40015572 0.5738711  -0.5110797  0.07642744 -0.54320085 -0.18982963 0.40995508]]
i 1K:[[-0.72772557 0.26391894 0.6199152 -0.48887345 0.13881357 -0.59810454 -0.15632346 0.4416413 ] [-0.6918161  -0.02497905 0.7130046  -0.4458862  0.2726942  -0.7251059  -0.09315982 0.53174806]]

